
> @logoutrd/app-kit@0.0.1 build /Users/rahulkumar/Documents/app-kit
> vite build && pnpm prepack

vite v8.0.9 building ssr environment for production...
[2Ktransforming...✓ 151 modules transformed.
rendering chunks...
vite v8.0.9 building client environment for production...
[2Ktransforming...✓ 152 modules transformed.
rendering chunks...
computing gzip size...
.svelte-kit/output/client/_app/version.json                        0.02 kB │ gzip:  0.04 kB
.svelte-kit/output/client/.vite/manifest.json                      2.44 kB │ gzip:  0.55 kB
.svelte-kit/output/client/_app/immutable/chunks/DEDqjojZ.js        0.06 kB │ gzip:  0.08 kB
.svelte-kit/output/client/_app/immutable/entry/start.DdseWrU0.js   0.07 kB │ gzip:  0.08 kB
.svelte-kit/output/client/_app/immutable/nodes/0.mmxjsOPc.js       0.17 kB │ gzip:  0.15 kB
.svelte-kit/output/client/_app/immutable/nodes/2.-Q7kFzoI.js       0.39 kB │ gzip:  0.29 kB
.svelte-kit/output/client/_app/immutable/nodes/1.CA4mtxuP.js       1.06 kB │ gzip:  0.49 kB
.svelte-kit/output/client/_app/immutable/chunks/Dj6f-nJM.js        1.20 kB │ gzip:  0.68 kB
.svelte-kit/output/client/_app/immutable/entry/app.55qOzSqT.js     2.66 kB │ gzip:  1.21 kB
.svelte-kit/output/client/_app/immutable/chunks/HLNigx3y.js       25.90 kB │ gzip: 10.11 kB
.svelte-kit/output/client/_app/immutable/chunks/CLqhb_oW.js       36.69 kB │ gzip: 14.14 kB

✓ built in 163ms
computing gzip size...
.svelte-kit/output/server/.vite/manifest.json                   3.87 kB │ gzip:  0.55 kB
.svelte-kit/output/server/entries/pages/_page.svelte.js         0.39 kB │ gzip:  0.28 kB
.svelte-kit/output/server/internal.js                           0.40 kB │ gzip:  0.19 kB
.svelte-kit/output/server/entries/fallbacks/layout.svelte.js    0.43 kB │ gzip:  0.30 kB
.svelte-kit/output/server/entries/fallbacks/error.svelte.js     6.20 kB │ gzip:  2.19 kB
.svelte-kit/output/server/chunks/environment.js                 6.27 kB │ gzip:  2.29 kB
.svelte-kit/output/server/chunks/exports.js                    12.32 kB │ gzip:  3.61 kB
.svelte-kit/output/server/chunks/internal.js                   20.46 kB │ gzip:  6.30 kB
.svelte-kit/output/server/chunks/shared.js                     24.33 kB │ gzip:  6.51 kB
.svelte-kit/output/server/chunks/utils.js                      29.67 kB │ gzip:  8.46 kB
.svelte-kit/output/server/remote-entry.js                      36.18 kB │ gzip:  8.09 kB
.svelte-kit/output/server/index.js                            132.86 kB │ gzip: 33.61 kB
.svelte-kit/output/server/chunks/dev.js                       139.34 kB │ gzip: 35.72 kB

✓ built in 1.29s

Run npm run preview to preview your production build locally.

> Using @sveltejs/adapter-auto
  Could not detect a supported production environment. See https://svelte.dev/docs/kit/adapters to learn how to configure your app to run on the platform of your choosing
  ✔ done

> @logoutrd/app-kit@0.0.1 prepack /Users/rahulkumar/Documents/app-kit
> svelte-kit sync && svelte-package && publint

src/lib -> dist
Running publint v0.3.18 for @logoutrd/app-kit...
Packing files with `pnpm pack`...
Linting...
All good!
